<?xml version="1.0" encoding="UTF-8"?>
<!-- Generated by org.testng.reporters.JUnitReportReporter -->
<testsuite skipped="0" hostname="DESKTOP-R97KMG8" name="BeforePackage.Interview" tests="1" failures="0" timestamp="10 Jan 2019 17:38:53 GMT" time="9.469" errors="0">
  <testcase name="login" time="9.469" classname="BeforePackage.Interview"/>
</testsuite> <!-- BeforePackage.Interview -->
